2024/11/12 01:18:42 [error] [exception.CHttpException.404] CHttpException: Unable to resolve the request "gii". in C:\desenvolvimento\yii\framework\web\CWebApplication.php:286
Stack trace:
#0 C:\desenvolvimento\yii\framework\web\CWebApplication.php(141): CWebApplication->runController('gii')
#1 C:\desenvolvimento\yii\framework\base\CApplication.php(185): CWebApplication->processRequest()
#2 C:\desenvolvimento\yii\crud\index.php(13): CApplication->run()
#3 {main}
REQUEST_URI=/index.php?r=gii
---
2024/11/12 01:19:22 [error] [exception.CHttpException.404] CHttpException: Unable to resolve the request "gii". in C:\desenvolvimento\yii\framework\web\CWebApplication.php:286
Stack trace:
#0 C:\desenvolvimento\yii\framework\web\CWebApplication.php(141): CWebApplication->runController('gii')
#1 C:\desenvolvimento\yii\framework\base\CApplication.php(185): CWebApplication->processRequest()
#2 C:\desenvolvimento\yii\crud\index.php(13): CApplication->run()
#3 {main}
REQUEST_URI=/index.php?r=gii
---
2024/11/12 21:12:06 [error] [exception.CDbException] CDbException: CDbConnection failed to open the DB connection: could not find driver in C:\desenvolvimento\yii\framework\db\CDbConnection.php:399
Stack trace:
#0 C:\desenvolvimento\yii\framework\db\CDbConnection.php(347): CDbConnection->open()
#1 C:\desenvolvimento\yii\framework\db\CDbConnection.php(325): CDbConnection->setActive(true)
#2 C:\desenvolvimento\yii\framework\base\CModule.php(394): CDbConnection->init()
#3 C:\desenvolvimento\yii\framework\base\CModule.php(103): CModule->getComponent('db')
#4 C:\desenvolvimento\yii\framework\gii\generators\model\ModelCode.php(60): CModule->__get('db')
#5 C:\desenvolvimento\yii\framework\web\CFormModel.php(39): ModelCode->init()
#6 C:\desenvolvimento\yii\framework\gii\CCodeGenerator.php(153): CFormModel->__construct()
#7 C:\desenvolvimento\yii\framework\gii\CCodeGenerator.php(63): CCodeGenerator->prepare()
#8 C:\desenvolvimento\yii\framework\web\actions\CInlineAction.php(49): CCodeGenerator->actionIndex()
#9 C:\desenvolvimento\yii\framework\web\CController.php(308): CInlineAction->runWithParams(Array)
#10 C:\desenvolvimento\yii\framework\web\CController.php(286): CController->runAction(Object(CInlineAction))
#11 C:\desenvolvimento\yii\framework\web\CController.php(265): CController->runActionWithFilters(Object(CInlineAction), Array)
#12 C:\desenvolvimento\yii\framework\web\CWebApplication.php(282): CController->run('index')
#13 C:\desenvolvimento\yii\framework\web\CWebApplication.php(141): CWebApplication->runController('gii/model/index')
#14 C:\desenvolvimento\yii\framework\base\CApplication.php(185): CWebApplication->processRequest()
#15 C:\desenvolvimento\yii\comercium\index.php(13): CApplication->run()
#16 {main}
REQUEST_URI=/index.php?r=gii/model/index
HTTP_REFERER=http://comercium.localhost/index.php?r=gii/default/index
---
